[2025-08-06 02:28:08] start saving plugin
[2025-08-06 02:28:08] start saving plugin
[2025-08-06 02:28:08] yoast-seo is updated
[2025-08-06 02:28:08] yoast-seo is updated
[2025-08-06 02:29:56] start saving plugin
[2025-08-06 02:29:56] start saving plugin
[2025-08-06 02:29:56] yoast-seo is updated
[2025-08-06 02:29:56] yoast-seo is updated
[2025-08-06 02:31:42] start saving plugin
[2025-08-06 02:31:42] start saving plugin
[2025-08-06 02:31:42] yoast-seo is updated
[2025-08-06 02:31:42] acf is updated
[2025-08-06 02:31:42] glint-product-quantity is updated
[2025-08-06 02:31:42]  start json decode
[2025-08-06 02:31:42]  update process success
[2025-08-06 02:31:42] yoast-seo is updated
[2025-08-06 02:31:42] acf is updated
[2025-08-06 02:31:42] glint-product-quantity is updated
[2025-08-06 02:31:42]  start json decode
[2025-08-06 02:31:42]  update process success
[2025-08-06 02:37:03] yoast-seo is updated
[2025-08-06 02:37:03] acf is updated
[2025-08-06 02:37:03] glint-product-quantity is updated
[2025-08-06 02:37:03]  start json decode
[2025-08-06 02:37:03]  update process success
[2025-08-06 02:37:03] yoast-seo is updated
[2025-08-06 02:37:03] acf is updated
[2025-08-06 02:37:03] glint-product-quantity is updated
[2025-08-06 02:37:03]  start json decode
[2025-08-06 02:37:03]  update process success
[2025-08-06 02:38:24] yoast-seo is updated
[2025-08-06 02:38:24] acf is updated
[2025-08-06 02:38:24] glint-product-quantity is updated
[2025-08-06 02:38:24]  start json decode
[2025-08-06 02:38:24]  update process success
[2025-08-06 02:38:24] yoast-seo is updated
[2025-08-06 02:38:24] acf is updated
[2025-08-06 02:38:24] glint-product-quantity is updated
[2025-08-06 02:38:24]  start json decode
[2025-08-06 02:38:24]  update process success
[2025-08-06 02:38:35] yoast-seo is updated
[2025-08-06 02:38:35]  start json decode
[2025-08-06 02:38:35]  update process success
[2025-08-06 02:38:35] yoast-seo is updated
[2025-08-06 02:38:35]  start json decode
[2025-08-06 02:38:35]  update process success
[2025-08-06 02:40:13] yoast-seo is updated
[2025-08-06 02:40:13]  start json decode
[2025-08-06 02:40:13]  update process success
[2025-08-06 02:40:13] yoast-seo is updated
[2025-08-06 02:40:13]  start json decode
[2025-08-06 02:40:13]  update process success
[2025-08-06 02:41:12] yoast-seo is updated
[2025-08-06 02:41:12]  start json decode
[2025-08-06 02:41:12]  update process success
[2025-08-06 02:41:12] yoast-seo is updated
[2025-08-06 02:41:12]  start json decode
[2025-08-06 02:41:12]  update process success
[2025-08-06 02:42:19] yoast-seo is updated
[2025-08-06 02:42:19]  start json decode
[2025-08-06 02:42:19]  update process success
[2025-08-06 02:42:19] yoast-seo is updated
[2025-08-06 02:42:19]  start json decode
[2025-08-06 02:42:19]  update process success
[2025-08-06 02:42:45] yoast-seo is updated
[2025-08-06 02:42:45]  start json decode
[2025-08-06 02:42:45]  update process success
[2025-08-06 02:42:45] yoast-seo is updated
[2025-08-06 02:42:45]  start json decode
[2025-08-06 02:42:45]  update process success
[2025-08-06 02:43:11] yoast-seo is updated
[2025-08-06 02:43:11]  start json decode
[2025-08-06 02:43:11]  update process success
[2025-08-06 02:43:11] yoast-seo is updated
[2025-08-06 02:43:11]  start json decode
[2025-08-06 02:43:11]  update process success
[2025-08-06 02:45:37] yoast-seo is updated
[2025-08-06 02:45:37]  start json decode
[2025-08-06 02:45:37]  update process success
[2025-08-06 02:45:37] yoast-seo is updated
[2025-08-06 02:45:37]  start json decode
[2025-08-06 02:45:37]  update process success
[2025-08-06 02:50:57] yoast-seo is updated
[2025-08-06 02:50:57]  start json decode
[2025-08-06 02:50:57]  update process success
[2025-08-06 02:50:57] yoast-seo is updated
[2025-08-06 02:50:57]  start json decode
[2025-08-06 02:50:57]  update process success
[2025-08-06 02:59:29] yoast-seo is updated
[2025-08-06 02:59:29] Plugins updated successfully
[2025-08-06 02:59:29] yoast-seo is updated
[2025-08-06 02:59:29] Plugins updated successfully
[2025-08-06 02:59:36] yoast-seo is updated
[2025-08-06 02:59:36] acf is updated
[2025-08-06 02:59:36] glint-product-quantity is updated
[2025-08-06 02:59:36] Plugins updated successfully
[2025-08-06 02:59:36] yoast-seo is updated
[2025-08-06 02:59:36] acf is updated
[2025-08-06 02:59:36] glint-product-quantity is updated
[2025-08-06 02:59:36] Plugins updated successfully
[2025-08-06 03:01:07] yoast-seo is updated
[2025-08-06 03:01:07] Plugins updated successfully
[2025-08-06 03:01:07] yoast-seo is updated
[2025-08-06 03:01:07] Plugins updated successfully
[2025-08-06 03:02:13] yoast-seo is updated
[2025-08-06 03:02:13] acf is updated
[2025-08-06 03:02:13] Plugins updated successfully
[2025-08-06 03:02:13] yoast-seo is updated
[2025-08-06 03:02:13] acf is updated
[2025-08-06 03:02:13] Plugins updated successfully
[2025-08-06 06:32:46] yoast-seo is updated
[2025-08-06 06:32:46] acf is updated
[2025-08-06 06:32:46] glint-product-quantity is updated
[2025-08-06 06:32:46] Plugins updated successfully
[2025-08-06 06:32:46] yoast-seo is updated
[2025-08-06 06:32:46] acf is updated
[2025-08-06 06:32:46] glint-product-quantity is updated
[2025-08-06 06:32:46] Plugins updated successfully
[2025-08-06 07:18:51] yoast-seo is updated
[2025-08-06 07:18:51] acf is updated
[2025-08-06 07:18:51] Plugins updated successfully
[2025-08-06 07:18:51] yoast-seo is updated
[2025-08-06 07:18:51] acf is updated
[2025-08-06 07:18:51] Plugins updated successfully
[2025-08-06 07:19:06] yoast-seo is updated
[2025-08-06 07:19:06] acf is updated
[2025-08-06 07:19:06] glint-product-quantity is updated
[2025-08-06 07:19:06] Plugins updated successfully
[2025-08-06 07:19:06] yoast-seo is updated
[2025-08-06 07:19:06] acf is updated
[2025-08-06 07:19:06] glint-product-quantity is updated
[2025-08-06 07:19:06] Plugins updated successfully
